TN:
SF:screens/MapScreen.tsx
FN:8,MapScreen
FNF:1
FNH:1
FNDA:7,MapScreen
DA:9,7
DA:14,0
DA:18,0
LF:3
LH:1
BRF:0
BRH:0
end_of_record
TN:
SF:screens/NavigationBar.tsx
FN:10,NavigationBar
FNF:1
FNH:1
FNDA:39,NavigationBar
DA:11,39
DA:12,38
DA:18,38
DA:25,38
DA:29,0
DA:31,0
DA:46,1
LF:7
LH:5
BRF:0
BRH:0
end_of_record
TN:
SF:screens/ProfileScreen.tsx
FN:6,ProfileScreen
FNF:1
FNH:1
FNDA:7,ProfileScreen
DA:7,7
DA:9,0
DA:10,0
LF:3
LH:1
BRF:0
BRH:0
end_of_record
TN:
SF:screens/SearchScreen.tsx
FN:6,SearchScreen
FNF:1
FNH:1
FNDA:7,SearchScreen
DA:7,7
DA:8,6
DA:10,0
DA:14,0
LF:4
LH:2
BRF:0
BRH:0
end_of_record
TN:
SF:screens/css/MapScreen.styles.ts
FNF:0
FNH:0
LF:0
LH:0
BRF:0
BRH:0
end_of_record
TN:
SF:screens/css/ProfileScreen.styles.ts
FNF:0
FNH:0
LF:0
LH:0
BRF:0
BRH:0
end_of_record
TN:
SF:screens/css/SearchScreen.styles.ts
FNF:0
FNH:0
LF:0
LH:0
BRF:0
BRH:0
end_of_record
